[0.582s] Invoking command in '/home/tfjuror/agv_port/src/frenet_planner': CONDA_PROMPT_MODIFIER=(base) PYTHONPATH=/home/tfjuror/agv_port/install/frenet_planner/lib/python3.8/site-packages:${PYTHONPATH} /usr/bin/python3 setup.py egg_info --egg-base ../../build/frenet_planner build --build-base /home/tfjuror/agv_port/build/frenet_planner/build install --prefix /home/tfjuror/agv_port/install/frenet_planner --record /home/tfjuror/agv_port/build/frenet_planner/install.log --single-version-externally-managed
[1.117s] running egg_info
[1.118s] writing ../../build/frenet_planner/frenet_planner.egg-info/PKG-INFO
[1.119s] writing dependency_links to ../../build/frenet_planner/frenet_planner.egg-info/dependency_links.txt
[1.120s] writing entry points to ../../build/frenet_planner/frenet_planner.egg-info/entry_points.txt
[1.120s] writing requirements to ../../build/frenet_planner/frenet_planner.egg-info/requires.txt
[1.120s] writing top-level names to ../../build/frenet_planner/frenet_planner.egg-info/top_level.txt
[1.207s] reading manifest file '../../build/frenet_planner/frenet_planner.egg-info/SOURCES.txt'
[1.209s] writing manifest file '../../build/frenet_planner/frenet_planner.egg-info/SOURCES.txt'
[1.209s] running build
[1.210s] running build_py
[1.210s] copying frenet_planner/frenet_optimal_trajectory.py -> /home/tfjuror/agv_port/build/frenet_planner/build/lib/frenet_planner
[1.211s] running install
[1.213s] running install_lib
[1.215s] copying /home/tfjuror/agv_port/build/frenet_planner/build/lib/frenet_planner/frenet_optimal_trajectory.py -> /home/tfjuror/agv_port/install/frenet_planner/lib/python3.8/site-packages/frenet_planner
[1.217s] byte-compiling /home/tfjuror/agv_port/install/frenet_planner/lib/python3.8/site-packages/frenet_planner/frenet_optimal_trajectory.py to frenet_optimal_trajectory.cpython-38.pyc
[1.225s] running install_data
[1.227s] copying package.xml -> /home/tfjuror/agv_port/install/frenet_planner/share/frenet_planner
[1.227s] running install_egg_info
[1.231s] removing '/home/tfjuror/agv_port/install/frenet_planner/lib/python3.8/site-packages/frenet_planner-0.0.0-py3.8.egg-info' (and everything under it)
[1.231s] Copying ../../build/frenet_planner/frenet_planner.egg-info to /home/tfjuror/agv_port/install/frenet_planner/lib/python3.8/site-packages/frenet_planner-0.0.0-py3.8.egg-info
[1.233s] running install_scripts
[1.276s] Installing planner script to /home/tfjuror/agv_port/install/frenet_planner/lib/frenet_planner
[1.277s] writing list of installed files to '/home/tfjuror/agv_port/build/frenet_planner/install.log'
[1.320s] Invoked command in '/home/tfjuror/agv_port/src/frenet_planner' returned '0': CONDA_PROMPT_MODIFIER=(base) PYTHONPATH=/home/tfjuror/agv_port/install/frenet_planner/lib/python3.8/site-packages:${PYTHONPATH} /usr/bin/python3 setup.py egg_info --egg-base ../../build/frenet_planner build --build-base /home/tfjuror/agv_port/build/frenet_planner/build install --prefix /home/tfjuror/agv_port/install/frenet_planner --record /home/tfjuror/agv_port/build/frenet_planner/install.log --single-version-externally-managed
