[0.605s] Invoking command in '/home/tfjuror/agv_port/src/frenet_planner': CONDA_PROMPT_MODIFIER=(base) PYTHONPATH=/home/tfjuror/agv_port/install/frenet_planner/lib/python3.8/site-packages:${PYTHONPATH} /usr/bin/python3 setup.py egg_info --egg-base ../../build/frenet_planner build --build-base /home/tfjuror/agv_port/build/frenet_planner/build install --prefix /home/tfjuror/agv_port/install/frenet_planner --record /home/tfjuror/agv_port/build/frenet_planner/install.log --single-version-externally-managed
[1.145s] running egg_info
[1.146s] writing ../../build/frenet_planner/frenet_planner.egg-info/PKG-INFO
[1.147s] writing dependency_links to ../../build/frenet_planner/frenet_planner.egg-info/dependency_links.txt
[1.147s] writing entry points to ../../build/frenet_planner/frenet_planner.egg-info/entry_points.txt
[1.147s] writing requirements to ../../build/frenet_planner/frenet_planner.egg-info/requires.txt
[1.148s] writing top-level names to ../../build/frenet_planner/frenet_planner.egg-info/top_level.txt
[1.240s] reading manifest file '../../build/frenet_planner/frenet_planner.egg-info/SOURCES.txt'
[1.242s] writing manifest file '../../build/frenet_planner/frenet_planner.egg-info/SOURCES.txt'
[1.242s] running build
[1.243s] running build_py
[1.244s] copying frenet_planner/frenet_optimal_trajectory.py -> /home/tfjuror/agv_port/build/frenet_planner/build/lib/frenet_planner
[1.244s] running install
[1.245s] running install_lib
[1.248s] copying /home/tfjuror/agv_port/build/frenet_planner/build/lib/frenet_planner/frenet_optimal_trajectory.py -> /home/tfjuror/agv_port/install/frenet_planner/lib/python3.8/site-packages/frenet_planner
[1.249s] byte-compiling /home/tfjuror/agv_port/install/frenet_planner/lib/python3.8/site-packages/frenet_planner/frenet_optimal_trajectory.py to frenet_optimal_trajectory.cpython-38.pyc
[1.258s] running install_data
[1.259s] running install_egg_info
[1.263s] removing '/home/tfjuror/agv_port/install/frenet_planner/lib/python3.8/site-packages/frenet_planner-0.0.0-py3.8.egg-info' (and everything under it)
[1.263s] Copying ../../build/frenet_planner/frenet_planner.egg-info to /home/tfjuror/agv_port/install/frenet_planner/lib/python3.8/site-packages/frenet_planner-0.0.0-py3.8.egg-info
[1.266s] running install_scripts
[1.309s] Installing planner script to /home/tfjuror/agv_port/install/frenet_planner/lib/frenet_planner
[1.310s] writing list of installed files to '/home/tfjuror/agv_port/build/frenet_planner/install.log'
[1.352s] Invoked command in '/home/tfjuror/agv_port/src/frenet_planner' returned '0': CONDA_PROMPT_MODIFIER=(base) PYTHONPATH=/home/tfjuror/agv_port/install/frenet_planner/lib/python3.8/site-packages:${PYTHONPATH} /usr/bin/python3 setup.py egg_info --egg-base ../../build/frenet_planner build --build-base /home/tfjuror/agv_port/build/frenet_planner/build install --prefix /home/tfjuror/agv_port/install/frenet_planner --record /home/tfjuror/agv_port/build/frenet_planner/install.log --single-version-externally-managed
