[0.606s] Invoking command in '/home/tfjuror/agv_port/src/frenet_planner': CONDA_PROMPT_MODIFIER=(base) PYTHONPATH=/home/tfjuror/agv_port/install/frenet_planner/lib/python3.8/site-packages:${PYTHONPATH} /usr/bin/python3 setup.py egg_info --egg-base ../../build/frenet_planner build --build-base /home/tfjuror/agv_port/build/frenet_planner/build install --prefix /home/tfjuror/agv_port/install/frenet_planner --record /home/tfjuror/agv_port/build/frenet_planner/install.log --single-version-externally-managed
[1.130s] running egg_info
[1.131s] creating ../../build/frenet_planner/frenet_planner.egg-info
[1.132s] writing ../../build/frenet_planner/frenet_planner.egg-info/PKG-INFO
[1.132s] writing dependency_links to ../../build/frenet_planner/frenet_planner.egg-info/dependency_links.txt
[1.132s] writing entry points to ../../build/frenet_planner/frenet_planner.egg-info/entry_points.txt
[1.133s] writing requirements to ../../build/frenet_planner/frenet_planner.egg-info/requires.txt
[1.133s] writing top-level names to ../../build/frenet_planner/frenet_planner.egg-info/top_level.txt
[1.138s] writing manifest file '../../build/frenet_planner/frenet_planner.egg-info/SOURCES.txt'
[1.224s] reading manifest file '../../build/frenet_planner/frenet_planner.egg-info/SOURCES.txt'
[1.225s] writing manifest file '../../build/frenet_planner/frenet_planner.egg-info/SOURCES.txt'
[1.226s] running build
[1.226s] running build_py
[1.227s] creating /home/tfjuror/agv_port/build/frenet_planner/build
[1.227s] creating /home/tfjuror/agv_port/build/frenet_planner/build/lib
[1.227s] creating /home/tfjuror/agv_port/build/frenet_planner/build/lib/frenet_planner
[1.227s] copying frenet_planner/__init__.py -> /home/tfjuror/agv_port/build/frenet_planner/build/lib/frenet_planner
[1.227s] running install
[1.228s] running install_lib
[1.231s] creating /home/tfjuror/agv_port/install/frenet_planner/lib/python3.8/site-packages/frenet_planner
[1.231s] copying /home/tfjuror/agv_port/build/frenet_planner/build/lib/frenet_planner/__init__.py -> /home/tfjuror/agv_port/install/frenet_planner/lib/python3.8/site-packages/frenet_planner
[1.232s] byte-compiling /home/tfjuror/agv_port/install/frenet_planner/lib/python3.8/site-packages/frenet_planner/__init__.py to __init__.cpython-38.pyc
[1.235s] running install_data
[1.236s] creating /home/tfjuror/agv_port/install/frenet_planner/share/ament_index
[1.237s] creating /home/tfjuror/agv_port/install/frenet_planner/share/ament_index/resource_index
[1.237s] creating /home/tfjuror/agv_port/install/frenet_planner/share/ament_index/resource_index/packages
[1.237s] copying resource/frenet_planner -> /home/tfjuror/agv_port/install/frenet_planner/share/ament_index/resource_index/packages
[1.237s] copying package.xml -> /home/tfjuror/agv_port/install/frenet_planner/share/frenet_planner
[1.237s] running install_egg_info
[1.241s] Copying ../../build/frenet_planner/frenet_planner.egg-info to /home/tfjuror/agv_port/install/frenet_planner/lib/python3.8/site-packages/frenet_planner-0.0.0-py3.8.egg-info
[1.243s] running install_scripts
[1.285s] writing list of installed files to '/home/tfjuror/agv_port/build/frenet_planner/install.log'
[1.329s] Invoked command in '/home/tfjuror/agv_port/src/frenet_planner' returned '0': CONDA_PROMPT_MODIFIER=(base) PYTHONPATH=/home/tfjuror/agv_port/install/frenet_planner/lib/python3.8/site-packages:${PYTHONPATH} /usr/bin/python3 setup.py egg_info --egg-base ../../build/frenet_planner build --build-base /home/tfjuror/agv_port/build/frenet_planner/build install --prefix /home/tfjuror/agv_port/install/frenet_planner --record /home/tfjuror/agv_port/build/frenet_planner/install.log --single-version-externally-managed
