[0.600s] Invoking command in '/home/tfjuror/agv_port/src/frenet_planner': CONDA_PROMPT_MODIFIER=(base) PYTHONPATH=/home/tfjuror/agv_port/install/frenet_planner/lib/python3.8/site-packages:${PYTHONPATH} /usr/bin/python3 setup.py egg_info --egg-base ../../build/frenet_planner build --build-base /home/tfjuror/agv_port/build/frenet_planner/build install --prefix /home/tfjuror/agv_port/install/frenet_planner --record /home/tfjuror/agv_port/build/frenet_planner/install.log --single-version-externally-managed
[1.147s] running egg_info
[1.149s] writing ../../build/frenet_planner/frenet_planner.egg-info/PKG-INFO
[1.150s] writing dependency_links to ../../build/frenet_planner/frenet_planner.egg-info/dependency_links.txt
[1.150s] writing entry points to ../../build/frenet_planner/frenet_planner.egg-info/entry_points.txt
[1.151s] writing requirements to ../../build/frenet_planner/frenet_planner.egg-info/requires.txt
[1.151s] writing top-level names to ../../build/frenet_planner/frenet_planner.egg-info/top_level.txt
[1.271s] reading manifest file '../../build/frenet_planner/frenet_planner.egg-info/SOURCES.txt'
[1.274s] writing manifest file '../../build/frenet_planner/frenet_planner.egg-info/SOURCES.txt'
[1.274s] running build
[1.275s] running build_py
[1.275s] running install
[1.277s] running install_lib
[1.281s] running install_data
[1.282s] copying package.xml -> /home/tfjuror/agv_port/install/frenet_planner/share/frenet_planner
[1.282s] running install_egg_info
[1.287s] removing '/home/tfjuror/agv_port/install/frenet_planner/lib/python3.8/site-packages/frenet_planner-0.0.0-py3.8.egg-info' (and everything under it)
[1.288s] Copying ../../build/frenet_planner/frenet_planner.egg-info to /home/tfjuror/agv_port/install/frenet_planner/lib/python3.8/site-packages/frenet_planner-0.0.0-py3.8.egg-info
[1.290s] running install_scripts
[1.339s] Installing planner script to /home/tfjuror/agv_port/install/frenet_planner/lib/frenet_planner
[1.340s] writing list of installed files to '/home/tfjuror/agv_port/build/frenet_planner/install.log'
[1.382s] Invoked command in '/home/tfjuror/agv_port/src/frenet_planner' returned '0': CONDA_PROMPT_MODIFIER=(base) PYTHONPATH=/home/tfjuror/agv_port/install/frenet_planner/lib/python3.8/site-packages:${PYTHONPATH} /usr/bin/python3 setup.py egg_info --egg-base ../../build/frenet_planner build --build-base /home/tfjuror/agv_port/build/frenet_planner/build install --prefix /home/tfjuror/agv_port/install/frenet_planner --record /home/tfjuror/agv_port/build/frenet_planner/install.log --single-version-externally-managed
